1661673555032	geckodriver	INFO	Listening on 127.0.0.1:28896
1661673558106	mozrunner::runner	INFO	Running command: "C:\\Program Files\\Mozilla Firefox\\firefox.exe" "--marionette" "--remote-debugging-port" "28897" "--remote-allow-hosts" "localhost" "-no-remote" "-profile" "C:\\Users\\Omkar\\AppData\\Local\\Temp\\rust_mozprofilebJKnJR"
1661673558732	Marionette	INFO	Marionette enabled
1661673558740	Marionette	INFO	Listening on port 28906
WebDriver BiDi listening on ws://localhost:28897
Read port: 28906
1661673558959	RemoteAgent	WARN	TLS certificate errors will be ignored for this session
console.error: Region.jsm: "Error fetching region" (new TypeError("NetworkError when attempting to fetch resource.", ""))
console.error: Region.jsm: "Failed to fetch region" (new Error("NO_RESULT", "resource://gre/modules/Region.jsm", 420))
console.warn: SearchSettings: "get: No settings file exists, new profile?" (new NotFoundError("Could not open the file at C:\\Users\\Omkar\\AppData\\Local\\Temp\\rust_mozprofilebJKnJR\\search.json.mozlz4", (void 0)))
DevTools listening on ws://localhost:28897/devtools/browser/d80146f0-6ec5-4ae9-b7f6-eda371a9c281
1661673565342	Marionette	INFO	Stopped listening on port 28906
console.warn: TopSitesFeed: Failed to fetch data from Contile server: NetworkError when attempting to fetch resource.
1661673632242	geckodriver	INFO	Listening on 127.0.0.1:28914
1661673635337	mozrunner::runner	INFO	Running command: "C:\\Program Files\\Mozilla Firefox\\firefox.exe" "--marionette" "--remote-debugging-port" "28915" "--remote-allow-hosts" "localhost" "-no-remote" "-profile" "C:\\Users\\Omkar\\AppData\\Local\\Temp\\rust_mozprofileNkORmH"
1661673635965	Marionette	INFO	Marionette enabled
1661673635971	Marionette	INFO	Listening on port 28933
WebDriver BiDi listening on ws://localhost:28915
Read port: 28933
1661673636191	RemoteAgent	WARN	TLS certificate errors will be ignored for this session
console.warn: SearchSettings: "get: No settings file exists, new profile?" (new NotFoundError("Could not open the file at C:\\Users\\Omkar\\AppData\\Local\\Temp\\rust_mozprofileNkORmH\\search.json.mozlz4", (void 0)))
DevTools listening on ws://localhost:28915/devtools/browser/6b6e4c7c-d014-4c63-9faa-e572dc79a425
JavaScript warning: https://discord.com/assets/fddff1579744947df4d1.js, line 2207: unreachable code after return statement
JavaScript warning: https://discord.com/assets/fddff1579744947df4d1.js, line 4326: unreachable code after return statement
JavaScript warning: https://discord.com/assets/fddff1579744947df4d1.js, line 4326: unreachable code after return statement
JavaScript warning: https://discord.com/assets/fddff1579744947df4d1.js, line 4343: unreachable code after return statement
console.warn: LoginRecipes: "Falling back to a synchronous message for: https://discord.com."
1661674260609	geckodriver	INFO	Listening on 127.0.0.1:29047
1661674263689	mozrunner::runner	INFO	Running command: "C:\\Program Files\\Mozilla Firefox\\firefox.exe" "--marionette" "--remote-debugging-port" "29048" "--remote-allow-hosts" "localhost" "-no-remote" "-profile" "C:\\Users\\Omkar\\AppData\\Local\\Temp\\rust_mozprofile9CGwDD"
1661674264372	Marionette	INFO	Marionette enabled
1661674264382	Marionette	INFO	Listening on port 29057
WebDriver BiDi listening on ws://localhost:29048
Read port: 29057
1661674264669	RemoteAgent	WARN	TLS certificate errors will be ignored for this session
console.warn: SearchSettings: "get: No settings file exists, new profile?" (new NotFoundError("Could not open the file at C:\\Users\\Omkar\\AppData\\Local\\Temp\\rust_mozprofile9CGwDD\\search.json.mozlz4", (void 0)))
DevTools listening on ws://localhost:29048/devtools/browser/0be1099d-bcfc-465b-8d47-1b8c26f7a511
1661674292828	geckodriver	INFO	Listening on 127.0.0.1:29073
1661674295903	mozrunner::runner	INFO	Running command: "C:\\Program Files\\Mozilla Firefox\\firefox.exe" "--marionette" "--remote-debugging-port" "29074" "--remote-allow-hosts" "localhost" "-no-remote" "-profile" "C:\\Users\\Omkar\\AppData\\Local\\Temp\\rust_mozprofilerwC6XA"
1661674296581	Marionette	INFO	Marionette enabled
1661674296591	Marionette	INFO	Listening on port 29083
WebDriver BiDi listening on ws://localhost:29074
Read port: 29083
1661674296880	RemoteAgent	WARN	TLS certificate errors will be ignored for this session
console.warn: SearchSettings: "get: No settings file exists, new profile?" (new NotFoundError("Could not open the file at C:\\Users\\Omkar\\AppData\\Local\\Temp\\rust_mozprofilerwC6XA\\search.json.mozlz4", (void 0)))
DevTools listening on ws://localhost:29074/devtools/browser/c97d176c-2384-4b7d-bf30-e99e780c5749
JavaScript warning: https://discord.com/assets/fddff1579744947df4d1.js, line 2207: unreachable code after return statement
JavaScript warning: https://discord.com/assets/fddff1579744947df4d1.js, line 4326: unreachable code after return statement
JavaScript warning: https://discord.com/assets/fddff1579744947df4d1.js, line 4326: unreachable code after return statement
JavaScript warning: https://discord.com/assets/fddff1579744947df4d1.js, line 4343: unreachable code after return statement
